#-----------------------------------------------------------
# Vivado v2019.1 (64-bit)
# SW Build 2552052 on Fri May 24 14:49:42 MDT 2019
# IP Build 2548770 on Fri May 24 18:01:18 MDT 2019
# Start of session at: Sun Dec 15 21:14:29 2019
# Process ID: 9748
# Current directory: D:/3-Ee/2018/statem/changed_/Top_Final
# Command line: vivado.exe -gui_launcher_event rodinguilauncherevent11580 D:\3-Ee\2018\statem\changed_\Top_Final\Top_Final.xpr
# Log file: D:/3-Ee/2018/statem/changed_/Top_Final/vivado.log
# Journal file: D:/3-Ee/2018/statem/changed_/Top_Final\vivado.jou
#-----------------------------------------------------------
start_gui
open_project D:/3-Ee/2018/statem/changed_/Top_Final/Top_Final.xpr
Scanning sources...
Finished scanning sources
INFO: [IP_Flow 19-234] Refreshing IP repositories
INFO: [IP_Flow 19-1704] No user IP repositories specified
INFO: [IP_Flow 19-2313] Loaded Vivado IP repository 'D:/software/Vivado/2019.1/data/ip'.
open_project: Time (s): cpu = 00:00:14 ; elapsed = 00:00:08 . Memory (MB): peak = 858.172 ; gain = 205.809
update_compile_order -fileset sources_1
exit
INFO: [Common 17-206] Exiting Vivado at Mon Dec 16 00:05:06 2019...
